生成启动时间为 2017/9/20 12:55:12。
     1>项目“c:\Users\Hey man\documents\visual studio 2013\Projects\Project1\Project1\Project1.vcxproj”在节点 2 上(Build 个目标)。
     1>ClCompile:
         D:\VS2013\VC\bin\CL.exe /c /ZI /nologo /W3 /WX- /sdl /Od /Oy- /D _MBCS /D _MBCS /D _CRT_SECURE_NO_DEPRECATE /Gm /EHsc /RTC1 /MDd /GS /fp:precise /Zc:wchar_t /Zc:forScope /Fo"Debug\\" /Fd"Debug\vc120.pdb" /Gd /TP /analyze- /errorReport:prompt DataAugment.cpp FindFiles.cpp main.cpp
         main.cpp
     1>d:\opencv\build\include\opencv2\core\mat.hpp(1965): warning C4819: 该文件包含不能在当前代码页(936)中表示的字符。请将该文件保存为 Unicode 格式以防止数据丢失
     1>d:\opencv\build\include\opencv2\core\persistence.hpp : warning C4819: 该文件包含不能在当前代码页(936)中表示的字符。请将该文件保存为 Unicode 格式以防止数据丢失
     1>d:\opencv\build\include\opencv2\core\utility.hpp : warning C4819: 该文件包含不能在当前代码页(936)中表示的字符。请将该文件保存为 Unicode 格式以防止数据丢失
     1>c:\users\hey man\documents\visual studio 2013\projects\project1\project1\main.cpp(48): warning C4018: “<”: 有符号/无符号不匹配
         FindFiles.cpp
         DataAugment.cpp
     1>d:\opencv\build\include\opencv2\core\mat.hpp(1965): warning C4819: 该文件包含不能在当前代码页(936)中表示的字符。请将该文件保存为 Unicode 格式以防止数据丢失
     1>d:\opencv\build\include\opencv2\core\persistence.hpp : warning C4819: 该文件包含不能在当前代码页(936)中表示的字符。请将该文件保存为 Unicode 格式以防止数据丢失
     1>d:\opencv\build\include\opencv2\core\utility.hpp : warning C4819: 该文件包含不能在当前代码页(936)中表示的字符。请将该文件保存为 Unicode 格式以防止数据丢失
     1>c:\users\hey man\documents\visual studio 2013\projects\project1\project1\dataaugment.cpp(134): warning C4244: “参数”: 从“double”转换到“int”，可能丢失数据
     1>c:\users\hey man\documents\visual studio 2013\projects\project1\project1\dataaugment.cpp(169): warning C4244: “参数”: 从“double”转换到“int”，可能丢失数据
         正在生成代码...
       Link:
         D:\VS2013\VC\bin\link.exe /ERRORREPORT:PROMPT /OUT:"c:\users\hey man\documents\visual studio 2013\Projects\Project1\Debug\Project1.exe" /INCREMENTAL /NOLOGO kernel32.lib user32.lib gdi32.lib winspool.lib comdlg32.lib advapi32.lib shell32.lib ole32.lib oleaut32.lib uuid.lib odbc32.lib odbccp32.lib kernel32.lib user32.lib gdi32.lib winspool.lib comdlg32.lib advapi32.lib shell32.lib ole32.lib oleaut32.lib uuid.lib odbc32.lib odbccp32.lib opencv_world310d.lib /MANIFEST /MANIFESTUAC:"level='asInvoker' uiAccess='false'" /manifest:embed /DEBUG /PDB:"c:\users\hey man\documents\visual studio 2013\Projects\Project1\Debug\Project1.pdb" /TLBID:1 /DYNAMICBASE /NXCOMPAT /IMPLIB:"c:\users\hey man\documents\visual studio 2013\Projects\Project1\Debug\Project1.lib" /MACHINE:X86 Debug\DataAugment.obj
         Debug\FindFiles.obj
         Debug\main.obj
     1>opencv_world310d.lib(opencv_world310d.dll) : fatal error LNK1112: 模块计算机类型“x64”与目标计算机类型“X86”冲突
     1>已完成生成项目“c:\Users\Hey man\documents\visual studio 2013\Projects\Project1\Project1\Project1.vcxproj”(Build 个目标)的操作 - 失败。

生成失败。

已用时间 00:00:02.50
